[11:12:45] ============================================================
[11:12:45] Difficulty Escalation Experiment
[11:12:45] ============================================================
[11:12:45]   Category:      sqli
[11:12:45]   Difficulties:  1.0 1.25 1.5 1.75 2.0 2.25 2.5 2.75 3.0
[11:12:45]   Runs per tier: 1
[11:12:45]   Mode:          --vanilla-only
[11:12:45]   Result dir:    results/escalation_20260302_111245_sqli
[11:12:45]   Start:         Mon Mar  2 11:12:45 +08 2026
[11:12:45] 
[11:12:45] 
[11:12:45] === VANILLA ARM (cold, no memory) ===
[11:12:45] 
[11:12:45] --- [1] vanilla_d1_0_r1 (difficulty=1.0) ---
[11:12:45]   Generating vanilla_d1_0_r1 (difficulty=1.0, sage=false)...
[11:12:45]     FAILED: vanilla_d1_0_r1
[11:12:45] --- [2] vanilla_d1_25_r1 (difficulty=1.25) ---
[11:12:45]   Generating vanilla_d1_25_r1 (difficulty=1.25, sage=false)...
[11:12:45]     FAILED: vanilla_d1_25_r1
[11:12:45] --- [3] vanilla_d1_5_r1 (difficulty=1.5) ---
[11:12:45]   Generating vanilla_d1_5_r1 (difficulty=1.5, sage=false)...
[11:12:45]     FAILED: vanilla_d1_5_r1
[11:12:45] --- [4] vanilla_d1_75_r1 (difficulty=1.75) ---
[11:12:45]   Generating vanilla_d1_75_r1 (difficulty=1.75, sage=false)...
[11:12:45]     FAILED: vanilla_d1_75_r1
[11:12:45] --- [5] vanilla_d2_0_r1 (difficulty=2.0) ---
[11:12:45]   Generating vanilla_d2_0_r1 (difficulty=2.0, sage=false)...
[11:12:45]     FAILED: vanilla_d2_0_r1
[11:12:45] --- [6] vanilla_d2_25_r1 (difficulty=2.25) ---
[11:12:45]   Generating vanilla_d2_25_r1 (difficulty=2.25, sage=false)...
[11:12:45]     FAILED: vanilla_d2_25_r1
[11:12:45] --- [7] vanilla_d2_5_r1 (difficulty=2.5) ---
[11:12:45]   Generating vanilla_d2_5_r1 (difficulty=2.5, sage=false)...
[11:12:45]     FAILED: vanilla_d2_5_r1
[11:12:45] --- [8] vanilla_d2_75_r1 (difficulty=2.75) ---
[11:12:45]   Generating vanilla_d2_75_r1 (difficulty=2.75, sage=false)...
[11:12:45]     FAILED: vanilla_d2_75_r1
[11:12:45] --- [9] vanilla_d3_0_r1 (difficulty=3.0) ---
[11:12:45]   Generating vanilla_d3_0_r1 (difficulty=3.0, sage=false)...
[11:12:45]     FAILED: vanilla_d3_0_r1
[11:12:45] 
[11:12:45] Vanilla arm complete: 9 runs
[11:12:45] 
[11:12:45] === ANALYSIS ===

================================================================================
  DIFFICULTY ESCALATION EXPERIMENT — CALIBRATION ACCURACY ANALYSIS
================================================================================

  Vanilla runs: 9
  SAGE runs:    0

  Difficulty   Vanilla Gap      SAGE Gap     Delta      Winner
  -----------------------------------------------------------------
        1.00           N/A           N/A                      
        1.25           N/A           N/A                      
        1.50           N/A           N/A                      
        1.75           N/A           N/A                      
        2.00           N/A           N/A                      
        2.25           N/A           N/A                      
        2.50           N/A           N/A                      
        2.75           N/A           N/A                      
        3.00           N/A           N/A                      

  CALIBRATION GAP TREND (does gap increase with difficulty?)
  -----------------------------------------------------------------
  Vanilla: insufficient data

  SAGE: insufficient data

  PIPELINE COMPLETION RATE
  -----------------------------------------------------------------
  Vanilla: 0/9 (0%)
    d=1.00: 0/1
    d=1.25: 0/1
    d=1.50: 0/1
    d=1.75: 0/1
    d=2.00: 0/1
    d=2.25: 0/1
    d=2.50: 0/1
    d=2.75: 0/1
    d=3.00: 0/1
  SAGE: N/A

  REPAIR ATTEMPTS (lower = cleaner generation)
  -----------------------------------------------------------------

  VISUAL: Calibration Gap by Difficulty Tier
  -----------------------------------------------------------------
   Diff     Vanilla        SAGE  Chart (V=vanilla gap, S=sage gap)
   1.00       0.000       0.000  V  S
   1.25       0.000       0.000  V  S
   1.50       0.000       0.000  V  S
   1.75       0.000       0.000  V  S
   2.00       0.000       0.000  V  S
   2.25       0.000       0.000  V  S
   2.50       0.000       0.000  V  S
   2.75       0.000       0.000  V  S
   3.00       0.000       0.000  V  S

================================================================================

  Report saved to results/escalation_20260302_111245_sqli/escalation_report.json
[11:12:45] 
[11:12:45] ============================================================
[11:12:45] Experiment Complete: Mon Mar  2 11:12:45 +08 2026
[11:12:45] Results: results/escalation_20260302_111245_sqli
[11:12:45] ============================================================
